c:\users\krisdarryn\desktop\ju\c++\sav fight\sav fight\x64\debug\vc141.pdb
c:\users\krisdarryn\desktop\ju\c++\sav fight\sav fight\x64\debug\vc141.idb
c:\users\krisdarryn\desktop\ju\c++\sav fight\sav fight\x64\debug\main.obj
c:\users\krisdarryn\desktop\ju\c++\sav fight\sav fight\x64\debug\state.obj
c:\users\krisdarryn\desktop\ju\c++\sav fight\sav fight\x64\debug\game.obj
c:\users\krisdarryn\desktop\ju\c++\sav fight\sav fight\x64\debug\gamestate.obj
c:\users\krisdarryn\desktop\ju\c++\sav fight\sav fight\x64\debug\entity.obj
c:\users\krisdarryn\desktop\ju\c++\sav fight\sav fight\x64\debug\mainmenustate.obj
c:\users\krisdarryn\desktop\ju\c++\sav fight\sav fight\x64\debug\buttons.obj
c:\users\krisdarryn\desktop\ju\c++\sav fight\sav fight\x64\debug\player.obj
c:\users\krisdarryn\desktop\ju\c++\sav fight\sav fight\x64\debug\animationcomponent.obj
c:\users\krisdarryn\desktop\ju\c++\sav fight\sav fight\x64\debug\movementcomponent.obj
c:\users\krisdarryn\desktop\ju\c++\sav fight\sav fight\x64\debug\hitboxcomponent.obj
c:\users\krisdarryn\desktop\ju\c++\sav fight\sav fight\x64\debug\maptiles.obj
c:\users\krisdarryn\desktop\ju\c++\sav fight\sav fight\x64\debug\gravitycomponent.obj
c:\users\krisdarryn\desktop\ju\c++\sav fight\sav fight\x64\debug\player1.obj
c:\users\krisdarryn\desktop\ju\c++\sav fight\sav fight\x64\debug\player2.obj
c:\users\krisdarryn\desktop\ju\c++\sav fight\sav fight\x64\debug\bullet.obj
c:\users\krisdarryn\desktop\ju\c++\sav fight\sav fight\x64\debug\sav fight.pch
c:\users\krisdarryn\desktop\ju\c++\sav fight\sav fight\x64\debug\pch.obj
c:\users\krisdarryn\desktop\ju\c++\sav fight\x64\debug\sav fight.exe
c:\users\krisdarryn\desktop\ju\c++\sav fight\x64\debug\sav fight.ilk
c:\users\krisdarryn\desktop\ju\c++\sav fight\x64\debug\sav fight.pdb
c:\users\krisdarryn\desktop\ju\c++\sav fight\sav fight\x64\debug\sav fight.res
c:\users\krisdarryn\desktop\ju\c++\sav fight\sav fight\x64\debug\gamestate.new.obj.enc
c:\users\krisdarryn\desktop\ju\c++\sav fight\sav fight\x64\debug\sav fight.tlog\cl.command.1.tlog
c:\users\krisdarryn\desktop\ju\c++\sav fight\sav fight\x64\debug\sav fight.tlog\cl.read.1.tlog
c:\users\krisdarryn\desktop\ju\c++\sav fight\sav fight\x64\debug\sav fight.tlog\cl.write.1.tlog
c:\users\krisdarryn\desktop\ju\c++\sav fight\sav fight\x64\debug\sav fight.tlog\link.command.1.tlog
c:\users\krisdarryn\desktop\ju\c++\sav fight\sav fight\x64\debug\sav fight.tlog\link.read.1.tlog
c:\users\krisdarryn\desktop\ju\c++\sav fight\sav fight\x64\debug\sav fight.tlog\link.write.1.tlog
c:\users\krisdarryn\desktop\ju\c++\sav fight\sav fight\x64\debug\sav fight.tlog\rc.command.1.tlog
c:\users\krisdarryn\desktop\ju\c++\sav fight\sav fight\x64\debug\sav fight.tlog\rc.read.1.tlog
c:\users\krisdarryn\desktop\ju\c++\sav fight\sav fight\x64\debug\sav fight.tlog\rc.write.1.tlog
